{"timestamp":"2026-02-19T19:50:02.036641Z","level":"info","event":"DAG bundles loaded: dags-folder, example_dags","logger":"airflow.dag_processing.bundles.manager.DagBundlesManager","filename":"manager.py","lineno":179}
{"timestamp":"2026-02-19T19:50:02.037489Z","level":"info","event":"Filling up the DagBag from /home/firoozyasin/anaconda3/envs/python310/lib/python3.10/site-packages/airflow/example_dags/standard/example_branch_operator.py","logger":"airflow.models.dagbag.BundleDagBag","filename":"dagbag.py","lineno":593}
{"timestamp":"2026-02-19T19:50:02.065054Z","level":"info","event":"Task instance is in running state","logger":"task.stdout"}
{"timestamp":"2026-02-19T19:50:02.065228Z","level":"info","event":" Previous state of the Task instance: TaskInstanceState.QUEUED","logger":"task.stdout"}
{"timestamp":"2026-02-19T19:50:02.065324Z","level":"info","event":"Current task name:ext_py_b","logger":"task.stdout"}
{"timestamp":"2026-02-19T19:50:02.065370Z","level":"info","event":"Dag name:example_branch_operator","logger":"task.stdout"}
{"timestamp":"2026-02-19T19:50:02.121438Z","level":"info","event":"Executing cmd: /home/firoozyasin/anaconda3/envs/python310/bin/python3.10 /tmp/venv-callph8f4qyv/script.py /tmp/venv-callph8f4qyv/script.in /tmp/venv-callph8f4qyv/script.out /tmp/venv-callph8f4qyv/string_args.txt /tmp/venv-callph8f4qyv/termination.log /tmp/venv-callph8f4qyv/airflow_context.json","logger":"airflow.providers.standard.utils.python_virtualenv","filename":"python_virtualenv.py","lineno":147}
{"timestamp":"2026-02-19T19:50:02.121892Z","level":"info","event":"Output:","logger":"airflow.providers.standard.utils.python_virtualenv","filename":"python_virtualenv.py","lineno":157}
{"timestamp":"2026-02-19T19:50:02.635409Z","level":"info","event":"2026-02-19T19:50:02.635088Z [info     ] setup plugin alembic.autogenerate.schemas [alembic.runtime.plugins] loc=plugins.py:37","logger":"airflow.providers.standard.utils.python_virtualenv","filename":"python_virtualenv.py","lineno":161}
{"timestamp":"2026-02-19T19:50:02.635610Z","level":"info","event":"2026-02-19T19:50:02.635273Z [info     ] setup plugin alembic.autogenerate.tables [alembic.runtime.plugins] loc=plugins.py:37","logger":"airflow.providers.standard.utils.python_virtualenv","filename":"python_virtualenv.py","lineno":161}
{"timestamp":"2026-02-19T19:50:02.635767Z","level":"info","event":"2026-02-19T19:50:02.635339Z [info     ] setup plugin alembic.autogenerate.types [alembic.runtime.plugins] loc=plugins.py:37","logger":"airflow.providers.standard.utils.python_virtualenv","filename":"python_virtualenv.py","lineno":161}
{"timestamp":"2026-02-19T19:50:02.635904Z","level":"info","event":"2026-02-19T19:50:02.635386Z [info     ] setup plugin alembic.autogenerate.constraints [alembic.runtime.plugins] loc=plugins.py:37","logger":"airflow.providers.standard.utils.python_virtualenv","filename":"python_virtualenv.py","lineno":161}
{"timestamp":"2026-02-19T19:50:02.636047Z","level":"info","event":"2026-02-19T19:50:02.635431Z [info     ] setup plugin alembic.autogenerate.defaults [alembic.runtime.plugins] loc=plugins.py:37","logger":"airflow.providers.standard.utils.python_virtualenv","filename":"python_virtualenv.py","lineno":161}
{"timestamp":"2026-02-19T19:50:02.636193Z","level":"info","event":"2026-02-19T19:50:02.635476Z [info     ] setup plugin alembic.autogenerate.comments [alembic.runtime.plugins] loc=plugins.py:37","logger":"airflow.providers.standard.utils.python_virtualenv","filename":"python_virtualenv.py","lineno":161}
{"timestamp":"2026-02-19T19:50:02.700084Z","level":"info","event":"2026-02-19T19:50:02.699778Z [warning  ] Could not import pandas. Holidays will not be considered. [airflow.example_dags.plugins.workday] loc=workday.py:41","logger":"airflow.providers.standard.utils.python_virtualenv","filename":"python_virtualenv.py","lineno":161}
{"timestamp":"2026-02-19T19:50:02.950326Z","level":"info","event":"Hello World from external Python","logger":"airflow.providers.standard.utils.python_virtualenv","filename":"python_virtualenv.py","lineno":161}
{"timestamp":"2026-02-19T19:50:03.172846Z","level":"info","event":"Done. Returned value was: None","logger":"airflow.task.operators.airflow.providers.standard.operators.python.ExternalPythonOperator","filename":"python.py","lineno":230}
{"timestamp":"2026-02-19T19:50:03.191138Z","level":"info","event":"Task instance in success state","logger":"task.stdout"}
{"timestamp":"2026-02-19T19:50:03.191400Z","level":"info","event":" Previous state of the Task instance: TaskInstanceState.RUNNING","logger":"task.stdout"}
{"timestamp":"2026-02-19T19:50:03.191642Z","level":"info","event":"Task operator:<Task(ExternalPythonOperator): ext_py_b>","logger":"task.stdout"}
