{"timestamp":"2026-02-19T19:50:00.290605Z","level":"info","event":"DAG bundles loaded: dags-folder, example_dags","logger":"airflow.dag_processing.bundles.manager.DagBundlesManager","filename":"manager.py","lineno":179}
{"timestamp":"2026-02-19T19:50:00.291436Z","level":"info","event":"Filling up the DagBag from /home/firoozyasin/anaconda3/envs/python310/lib/python3.10/site-packages/airflow/example_dags/standard/example_branch_operator.py","logger":"airflow.models.dagbag.BundleDagBag","filename":"dagbag.py","lineno":593}
{"timestamp":"2026-02-19T19:50:00.318561Z","level":"info","event":"Task instance is in running state","logger":"task.stdout"}
{"timestamp":"2026-02-19T19:50:00.318703Z","level":"info","event":" Previous state of the Task instance: TaskInstanceState.QUEUED","logger":"task.stdout"}
{"timestamp":"2026-02-19T19:50:00.318828Z","level":"info","event":"Current task name:branching_ext_python","logger":"task.stdout"}
{"timestamp":"2026-02-19T19:50:00.318892Z","level":"info","event":"Dag name:example_branch_operator","logger":"task.stdout"}
{"timestamp":"2026-02-19T19:50:00.384273Z","level":"info","event":"Use 'pickle' as serializer.","logger":"airflow.task.operators.airflow.providers.standard.operators.python.BranchExternalPythonOperator","filename":"python.py","lineno":582}
{"timestamp":"2026-02-19T19:50:00.389206Z","level":"info","event":"Executing cmd: /home/firoozyasin/anaconda3/envs/python310/bin/python3.10 /tmp/venv-callq2tovs3o/script.py /tmp/venv-callq2tovs3o/script.in /tmp/venv-callq2tovs3o/script.out /tmp/venv-callq2tovs3o/string_args.txt /tmp/venv-callq2tovs3o/termination.log /tmp/venv-callq2tovs3o/airflow_context.json","logger":"airflow.providers.standard.utils.python_virtualenv","filename":"python_virtualenv.py","lineno":147}
{"timestamp":"2026-02-19T19:50:00.389845Z","level":"info","event":"Output:","logger":"airflow.providers.standard.utils.python_virtualenv","filename":"python_virtualenv.py","lineno":157}
{"timestamp":"2026-02-19T19:50:01.021134Z","level":"info","event":"2026-02-19T19:50:01.020778Z [info     ] setup plugin alembic.autogenerate.schemas [alembic.runtime.plugins] loc=plugins.py:37","logger":"airflow.providers.standard.utils.python_virtualenv","filename":"python_virtualenv.py","lineno":161}
{"timestamp":"2026-02-19T19:50:01.021386Z","level":"info","event":"2026-02-19T19:50:01.020924Z [info     ] setup plugin alembic.autogenerate.tables [alembic.runtime.plugins] loc=plugins.py:37","logger":"airflow.providers.standard.utils.python_virtualenv","filename":"python_virtualenv.py","lineno":161}
{"timestamp":"2026-02-19T19:50:01.021558Z","level":"info","event":"2026-02-19T19:50:01.020985Z [info     ] setup plugin alembic.autogenerate.types [alembic.runtime.plugins] loc=plugins.py:37","logger":"airflow.providers.standard.utils.python_virtualenv","filename":"python_virtualenv.py","lineno":161}
{"timestamp":"2026-02-19T19:50:01.021690Z","level":"info","event":"2026-02-19T19:50:01.021038Z [info     ] setup plugin alembic.autogenerate.constraints [alembic.runtime.plugins] loc=plugins.py:37","logger":"airflow.providers.standard.utils.python_virtualenv","filename":"python_virtualenv.py","lineno":161}
{"timestamp":"2026-02-19T19:50:01.021820Z","level":"info","event":"2026-02-19T19:50:01.021085Z [info     ] setup plugin alembic.autogenerate.defaults [alembic.runtime.plugins] loc=plugins.py:37","logger":"airflow.providers.standard.utils.python_virtualenv","filename":"python_virtualenv.py","lineno":161}
{"timestamp":"2026-02-19T19:50:01.021951Z","level":"info","event":"2026-02-19T19:50:01.021134Z [info     ] setup plugin alembic.autogenerate.comments [alembic.runtime.plugins] loc=plugins.py:37","logger":"airflow.providers.standard.utils.python_virtualenv","filename":"python_virtualenv.py","lineno":161}
{"timestamp":"2026-02-19T19:50:01.084072Z","level":"info","event":"2026-02-19T19:50:01.083704Z [warning  ] Could not import pandas. Holidays will not be considered. [airflow.example_dags.plugins.workday] loc=workday.py:41","logger":"airflow.providers.standard.utils.python_virtualenv","filename":"python_virtualenv.py","lineno":161}
{"timestamp":"2026-02-19T19:50:01.553365Z","level":"info","event":"Done. Returned value was: ext_py_b","logger":"airflow.task.operators.airflow.providers.standard.operators.python.BranchExternalPythonOperator","filename":"python.py","lineno":230}
{"timestamp":"2026-02-19T19:50:01.553476Z","level":"info","event":"Branch into ext_py_b","logger":"airflow.task.operators.airflow.providers.standard.operators.python.BranchExternalPythonOperator","filename":"branch.py","lineno":44}
{"timestamp":"2026-02-19T19:50:01.553706Z","level":"info","event":"Following branch {'ext_py_b'}","logger":"airflow.task.operators.airflow.providers.standard.operators.python.BranchExternalPythonOperator","filename":"skipmixin.py","lineno":146}
{"timestamp":"2026-02-19T19:50:01.553980Z","level":"info","event":"Skipping tasks [('ext_py_d', -1), ('ext_py_a', -1), ('ext_py_c', -1)]","logger":"airflow.task.operators.airflow.providers.standard.operators.python.BranchExternalPythonOperator","filename":"skipmixin.py","lineno":185}
{"timestamp":"2026-02-19T19:50:01.570657Z","level":"info","event":"Skipping downstream tasks.","logger":"task","filename":"task_runner.py","lineno":1083}
{"timestamp":"2026-02-19T19:50:01.589835Z","level":"info","event":"Task instance in success state","logger":"task.stdout"}
{"timestamp":"2026-02-19T19:50:01.589960Z","level":"info","event":" Previous state of the Task instance: TaskInstanceState.RUNNING","logger":"task.stdout"}
{"timestamp":"2026-02-19T19:50:01.590147Z","level":"info","event":"Task operator:<Task(BranchExternalPythonOperator): branching_ext_python>","logger":"task.stdout"}
