{"timestamp":"2026-02-19T19:47:13.841272Z","level":"info","event":"DAG bundles loaded: dags-folder, example_dags","logger":"airflow.dag_processing.bundles.manager.DagBundlesManager","filename":"manager.py","lineno":179}
{"timestamp":"2026-02-19T19:47:13.842194Z","level":"info","event":"Filling up the DagBag from /home/firoozyasin/anaconda3/envs/python310/lib/python3.10/site-packages/airflow/example_dags/standard/example_branch_operator.py","logger":"airflow.models.dagbag.BundleDagBag","filename":"dagbag.py","lineno":593}
{"timestamp":"2026-02-19T19:47:13.869998Z","level":"info","event":"Task instance is in running state","logger":"task.stdout"}
{"timestamp":"2026-02-19T19:47:13.870104Z","level":"info","event":" Previous state of the Task instance: TaskInstanceState.QUEUED","logger":"task.stdout"}
{"timestamp":"2026-02-19T19:47:13.870176Z","level":"info","event":"Current task name:venv_c","logger":"task.stdout"}
{"timestamp":"2026-02-19T19:47:13.870211Z","level":"info","event":"Dag name:example_branch_operator","logger":"task.stdout"}
{"timestamp":"2026-02-19T19:47:13.870531Z","level":"warning","event":"Using Variable.get from `airflow.models` is deprecated.Please use `get` on Variable from sdk(`airflow.sdk.Variable`) instead","category":"DeprecationWarning","filename":"/home/firoozyasin/anaconda3/envs/python310/lib/python3.10/site-packages/airflow/models/variable.py","lineno":151,"logger":"py.warnings"}
{"timestamp":"2026-02-19T19:47:13.878403Z","level":"info","event":"Python virtual environment will be cached in /tmp/venv-5ea997a7","logger":"airflow.task.operators.airflow.providers.standard.operators.python.PythonVirtualenvOperator","filename":"python.py","lineno":898}
{"timestamp":"2026-02-19T19:47:13.878668Z","level":"info","event":"Reusing cached Python virtual environment in /tmp/venv-5ea997a7","logger":"airflow.task.operators.airflow.providers.standard.operators.python.PythonVirtualenvOperator","filename":"python.py","lineno":912}
{"timestamp":"2026-02-19T19:47:13.882109Z","level":"info","event":"Executing cmd: /tmp/venv-5ea997a7/bin/python /tmp/venv-calll5_k_psx/script.py /tmp/venv-calll5_k_psx/script.in /tmp/venv-calll5_k_psx/script.out /tmp/venv-calll5_k_psx/string_args.txt /tmp/venv-calll5_k_psx/termination.log /tmp/venv-calll5_k_psx/airflow_context.json","logger":"airflow.providers.standard.utils.python_virtualenv","filename":"python_virtualenv.py","lineno":147}
{"timestamp":"2026-02-19T19:47:13.882807Z","level":"info","event":"Output:","logger":"airflow.providers.standard.utils.python_virtualenv","filename":"python_virtualenv.py","lineno":157}
{"timestamp":"2026-02-19T19:47:14.406202Z","level":"info","event":"2026-02-19T19:47:14.405865Z [info     ] setup plugin alembic.autogenerate.schemas [alembic.runtime.plugins] loc=plugins.py:37","logger":"airflow.providers.standard.utils.python_virtualenv","filename":"python_virtualenv.py","lineno":161}
{"timestamp":"2026-02-19T19:47:14.406345Z","level":"info","event":"2026-02-19T19:47:14.405999Z [info     ] setup plugin alembic.autogenerate.tables [alembic.runtime.plugins] loc=plugins.py:37","logger":"airflow.providers.standard.utils.python_virtualenv","filename":"python_virtualenv.py","lineno":161}
{"timestamp":"2026-02-19T19:47:14.406424Z","level":"info","event":"2026-02-19T19:47:14.406054Z [info     ] setup plugin alembic.autogenerate.types [alembic.runtime.plugins] loc=plugins.py:37","logger":"airflow.providers.standard.utils.python_virtualenv","filename":"python_virtualenv.py","lineno":161}
{"timestamp":"2026-02-19T19:47:14.406498Z","level":"info","event":"2026-02-19T19:47:14.406100Z [info     ] setup plugin alembic.autogenerate.constraints [alembic.runtime.plugins] loc=plugins.py:37","logger":"airflow.providers.standard.utils.python_virtualenv","filename":"python_virtualenv.py","lineno":161}
{"timestamp":"2026-02-19T19:47:14.406566Z","level":"info","event":"2026-02-19T19:47:14.406145Z [info     ] setup plugin alembic.autogenerate.defaults [alembic.runtime.plugins] loc=plugins.py:37","logger":"airflow.providers.standard.utils.python_virtualenv","filename":"python_virtualenv.py","lineno":161}
{"timestamp":"2026-02-19T19:47:14.406634Z","level":"info","event":"2026-02-19T19:47:14.406195Z [info     ] setup plugin alembic.autogenerate.comments [alembic.runtime.plugins] loc=plugins.py:37","logger":"airflow.providers.standard.utils.python_virtualenv","filename":"python_virtualenv.py","lineno":161}
{"timestamp":"2026-02-19T19:47:14.467745Z","level":"info","event":"2026-02-19T19:47:14.467433Z [warning  ] Could not import pandas. Holidays will not be considered. [airflow.example_dags.plugins.workday] loc=workday.py:41","logger":"airflow.providers.standard.utils.python_virtualenv","filename":"python_virtualenv.py","lineno":161}
{"timestamp":"2026-02-19T19:47:14.762356Z","level":"info","event":"Hello World with some numpy stuff: [0 1 2 3 4 5]","logger":"airflow.providers.standard.utils.python_virtualenv","filename":"python_virtualenv.py","lineno":161}
{"timestamp":"2026-02-19T19:47:15.004066Z","level":"info","event":"Done. Returned value was: None","logger":"airflow.task.operators.airflow.providers.standard.operators.python.PythonVirtualenvOperator","filename":"python.py","lineno":230}
{"timestamp":"2026-02-19T19:47:15.024585Z","level":"info","event":"Task instance in success state","logger":"task.stdout"}
{"timestamp":"2026-02-19T19:47:15.024763Z","level":"info","event":" Previous state of the Task instance: TaskInstanceState.RUNNING","logger":"task.stdout"}
{"timestamp":"2026-02-19T19:47:15.024967Z","level":"info","event":"Task operator:<Task(PythonVirtualenvOperator): venv_c>","logger":"task.stdout"}
