{"timestamp":"2026-02-20T16:11:14.686491Z","level":"info","event":"DAG bundles loaded: dags-folder","logger":"airflow.dag_processing.bundles.manager.DagBundlesManager","filename":"manager.py","lineno":179}
{"timestamp":"2026-02-20T16:11:14.688124Z","level":"info","event":"Filling up the DagBag from /home/firoozyasin/airflow/dags/execute_multiple_tasks.py","logger":"airflow.models.dagbag.BundleDagBag","filename":"dagbag.py","lineno":593}
{"timestamp":"2026-02-20T16:11:14.714204Z","level":"warning","event":"The `airflow.operators.bash.BashOperator` attribute is deprecated. Please use `'airflow.providers.standard.operators.bash.BashOperator'`.","category":"DeprecatedImportWarning","filename":"/home/firoozyasin/airflow/dags/execute_multiple_tasks.py","lineno":6,"logger":"py.warnings"}
{"timestamp":"2026-02-20T16:11:14.767271Z","level":"info","event":"Tmp dir root location: /tmp","logger":"airflow.task.hooks.airflow.providers.standard.hooks.subprocess.SubprocessHook","filename":"subprocess.py","lineno":78}
{"timestamp":"2026-02-20T16:11:14.769694Z","level":"info","event":"Running command: ['/usr/bin/bash', '-c', '\\n            echo TASK A has started!\\n            for i in {1..10}\\n            do \\n                echo TASK A printing $i\\n            done\\n\\n            echo TASK A has ended!\\n        ']","logger":"airflow.task.hooks.airflow.providers.standard.hooks.subprocess.SubprocessHook","filename":"subprocess.py","lineno":80}
{"timestamp":"2026-02-20T16:11:14.772660Z","level":"info","event":"Output:","logger":"airflow.task.hooks.airflow.providers.standard.hooks.subprocess.SubprocessHook","filename":"subprocess.py","lineno":92}
{"timestamp":"2026-02-20T16:11:14.774929Z","level":"info","event":"TASK A has started!","logger":"airflow.task.hooks.airflow.providers.standard.hooks.subprocess.SubprocessHook","filename":"subprocess.py","lineno":99}
{"timestamp":"2026-02-20T16:11:14.775230Z","level":"info","event":"TASK A printing 1","logger":"airflow.task.hooks.airflow.providers.standard.hooks.subprocess.SubprocessHook","filename":"subprocess.py","lineno":99}
{"timestamp":"2026-02-20T16:11:14.775338Z","level":"info","event":"TASK A printing 2","logger":"airflow.task.hooks.airflow.providers.standard.hooks.subprocess.SubprocessHook","filename":"subprocess.py","lineno":99}
{"timestamp":"2026-02-20T16:11:14.775446Z","level":"info","event":"TASK A printing 3","logger":"airflow.task.hooks.airflow.providers.standard.hooks.subprocess.SubprocessHook","filename":"subprocess.py","lineno":99}
{"timestamp":"2026-02-20T16:11:14.775527Z","level":"info","event":"TASK A printing 4","logger":"airflow.task.hooks.airflow.providers.standard.hooks.subprocess.SubprocessHook","filename":"subprocess.py","lineno":99}
{"timestamp":"2026-02-20T16:11:14.775645Z","level":"info","event":"TASK A printing 5","logger":"airflow.task.hooks.airflow.providers.standard.hooks.subprocess.SubprocessHook","filename":"subprocess.py","lineno":99}
{"timestamp":"2026-02-20T16:11:14.775728Z","level":"info","event":"TASK A printing 6","logger":"airflow.task.hooks.airflow.providers.standard.hooks.subprocess.SubprocessHook","filename":"subprocess.py","lineno":99}
{"timestamp":"2026-02-20T16:11:14.775820Z","level":"info","event":"TASK A printing 7","logger":"airflow.task.hooks.airflow.providers.standard.hooks.subprocess.SubprocessHook","filename":"subprocess.py","lineno":99}
{"timestamp":"2026-02-20T16:11:14.775895Z","level":"info","event":"TASK A printing 8","logger":"airflow.task.hooks.airflow.providers.standard.hooks.subprocess.SubprocessHook","filename":"subprocess.py","lineno":99}
{"timestamp":"2026-02-20T16:11:14.775971Z","level":"info","event":"TASK A printing 9","logger":"airflow.task.hooks.airflow.providers.standard.hooks.subprocess.SubprocessHook","filename":"subprocess.py","lineno":99}
{"timestamp":"2026-02-20T16:11:14.776048Z","level":"info","event":"TASK A printing 10","logger":"airflow.task.hooks.airflow.providers.standard.hooks.subprocess.SubprocessHook","filename":"subprocess.py","lineno":99}
{"timestamp":"2026-02-20T16:11:14.776129Z","level":"info","event":"TASK A has ended!","logger":"airflow.task.hooks.airflow.providers.standard.hooks.subprocess.SubprocessHook","filename":"subprocess.py","lineno":99}
{"timestamp":"2026-02-20T16:11:14.776520Z","level":"info","event":"Command exited with return code 0","logger":"airflow.task.hooks.airflow.providers.standard.hooks.subprocess.SubprocessHook","filename":"subprocess.py","lineno":103}
{"timestamp":"2026-02-20T16:11:14.777336Z","level":"info","event":"Pushing xcom","ti":"RuntimeTaskInstance(id=UUID('019c7bd1-cf8b-7ff7-b18a-3d4054092911'), task_id='taskA', dag_id='executing_multiple_tasks', run_id='manual__2026-02-20T16:11:13.645646+00:00', try_number=1, dag_version_id=UUID('019c7bce-852b-7640-84e6-074b1294a13e'), map_index=-1, hostname='fedora', context_carrier={}, task=<Task(BashOperator): taskA>, bundle_instance=LocalDagBundle(name=dags-folder), max_tries=0, start_date=datetime.datetime(2026, 2, 20, 16, 11, 14, 635252, tzinfo=datetime.timezone.utc), end_date=None, state=<TaskInstanceState.RUNNING: 'running'>, is_mapped=False, rendered_map_index=None)","logger":"task","filename":"task_runner.py","lineno":1522}
