{"timestamp":"2026-02-24T23:47:39.776300Z","level":"info","event":"DAG bundles loaded: dags-folder","logger":"airflow.dag_processing.bundles.manager.DagBundlesManager","filename":"manager.py","lineno":179}
{"timestamp":"2026-02-24T23:47:39.777451Z","level":"info","event":"Filling up the DagBag from /home/firoozyasin/airflow/dags/executing_cron_catchup_backfill.py","logger":"airflow.models.dagbag.BundleDagBag","filename":"dagbag.py","lineno":593}
{"timestamp":"2026-02-24T23:47:39.870879Z","level":"info","event":"Done. Returned value was: taskD","logger":"airflow.task.operators.airflow.providers.standard.operators.python.BranchPythonOperator","filename":"python.py","lineno":230}
{"timestamp":"2026-02-24T23:47:39.870987Z","level":"info","event":"Branch into taskD","logger":"airflow.task.operators.airflow.providers.standard.operators.python.BranchPythonOperator","filename":"branch.py","lineno":44}
{"timestamp":"2026-02-24T23:47:39.871242Z","level":"info","event":"Following branch {'taskD'}","logger":"airflow.task.operators.airflow.providers.standard.operators.python.BranchPythonOperator","filename":"skipmixin.py","lineno":146}
{"timestamp":"2026-02-24T23:47:39.871346Z","level":"info","event":"Skipping tasks [('taskE', -1), ('taskC', -1)]","logger":"airflow.task.operators.airflow.providers.standard.operators.python.BranchPythonOperator","filename":"skipmixin.py","lineno":185}
{"timestamp":"2026-02-24T23:47:39.882404Z","level":"info","event":"Skipping downstream tasks.","logger":"task","filename":"task_runner.py","lineno":1083}
{"timestamp":"2026-02-25T15:02:28.343876Z","level":"info","event":"DAG bundles loaded: dags-folder","logger":"airflow.dag_processing.bundles.manager.DagBundlesManager","filename":"manager.py","lineno":179}
{"timestamp":"2026-02-25T15:02:28.345205Z","level":"info","event":"Filling up the DagBag from /home/firoozyasin/airflow/dags/executing_cron_catchup_backfill.py","logger":"airflow.models.dagbag.BundleDagBag","filename":"dagbag.py","lineno":593}
{"timestamp":"2026-02-25T15:02:28.421732Z","level":"info","event":"Done. Returned value was: taskC","logger":"airflow.task.operators.airflow.providers.standard.operators.python.BranchPythonOperator","filename":"python.py","lineno":230}
{"timestamp":"2026-02-25T15:02:28.421869Z","level":"info","event":"Branch into taskC","logger":"airflow.task.operators.airflow.providers.standard.operators.python.BranchPythonOperator","filename":"branch.py","lineno":44}
{"timestamp":"2026-02-25T15:02:28.422314Z","level":"info","event":"Following branch {'taskC'}","logger":"airflow.task.operators.airflow.providers.standard.operators.python.BranchPythonOperator","filename":"skipmixin.py","lineno":146}
{"timestamp":"2026-02-25T15:02:28.422592Z","level":"info","event":"Skipping tasks [('taskE', -1)]","logger":"airflow.task.operators.airflow.providers.standard.operators.python.BranchPythonOperator","filename":"skipmixin.py","lineno":185}
{"timestamp":"2026-02-25T15:02:28.463683Z","level":"info","event":"Skipping downstream tasks.","logger":"task","filename":"task_runner.py","lineno":1083}
{"timestamp":"2026-02-25T15:03:52.818479Z","level":"info","event":"DAG bundles loaded: dags-folder","logger":"airflow.dag_processing.bundles.manager.DagBundlesManager","filename":"manager.py","lineno":179}
{"timestamp":"2026-02-25T15:03:52.819878Z","level":"info","event":"Filling up the DagBag from /home/firoozyasin/airflow/dags/executing_cron_catchup_backfill.py","logger":"airflow.models.dagbag.BundleDagBag","filename":"dagbag.py","lineno":593}
{"timestamp":"2026-02-25T15:03:52.869534Z","level":"info","event":"Done. Returned value was: taskC","logger":"airflow.task.operators.airflow.providers.standard.operators.python.BranchPythonOperator","filename":"python.py","lineno":230}
{"timestamp":"2026-02-25T15:03:52.869716Z","level":"info","event":"Branch into taskC","logger":"airflow.task.operators.airflow.providers.standard.operators.python.BranchPythonOperator","filename":"branch.py","lineno":44}
{"timestamp":"2026-02-25T15:03:52.870155Z","level":"info","event":"Following branch {'taskC'}","logger":"airflow.task.operators.airflow.providers.standard.operators.python.BranchPythonOperator","filename":"skipmixin.py","lineno":146}
{"timestamp":"2026-02-25T15:03:52.870500Z","level":"info","event":"Skipping tasks [('taskE', -1)]","logger":"airflow.task.operators.airflow.providers.standard.operators.python.BranchPythonOperator","filename":"skipmixin.py","lineno":185}
{"timestamp":"2026-02-25T15:03:52.885804Z","level":"info","event":"Skipping downstream tasks.","logger":"task","filename":"task_runner.py","lineno":1083}
