{"timestamp":"2026-02-21T21:26:53.389412Z","level":"info","event":"DAG bundles loaded: dags-folder","logger":"airflow.dag_processing.bundles.manager.DagBundlesManager","filename":"manager.py","lineno":179}
{"timestamp":"2026-02-21T21:26:53.390943Z","level":"info","event":"Filling up the DagBag from /home/firoozyasin/airflow/dags/execute_multiple_tasks.py","logger":"airflow.models.dagbag.BundleDagBag","filename":"dagbag.py","lineno":593}
{"timestamp":"2026-02-21T21:26:53.400545Z","level":"warning","event":"The `airflow.operators.bash.BashOperator` attribute is deprecated. Please use `'airflow.providers.standard.operators.bash.BashOperator'`.","category":"DeprecatedImportWarning","filename":"/home/firoozyasin/airflow/dags/execute_multiple_tasks.py","lineno":6,"logger":"py.warnings"}
{"timestamp":"2026-02-21T21:26:53.486263Z","level":"info","event":"Tmp dir root location: /tmp","logger":"airflow.task.hooks.airflow.providers.standard.hooks.subprocess.SubprocessHook","filename":"subprocess.py","lineno":78}
{"timestamp":"2026-02-21T21:26:53.486522Z","level":"info","event":"Running command: ['/usr/bin/bash', 'tmp9dovp8f5.sh']","logger":"airflow.task.hooks.airflow.providers.standard.hooks.subprocess.SubprocessHook","filename":"subprocess.py","lineno":80}
{"timestamp":"2026-02-21T21:26:53.487183Z","level":"info","event":"Output:","logger":"airflow.task.hooks.airflow.providers.standard.hooks.subprocess.SubprocessHook","filename":"subprocess.py","lineno":92}
{"timestamp":"2026-02-21T21:26:53.488599Z","level":"info","event":"TASK A has started!","logger":"airflow.task.hooks.airflow.providers.standard.hooks.subprocess.SubprocessHook","filename":"subprocess.py","lineno":99}
{"timestamp":"2026-02-21T21:26:53.488718Z","level":"info","event":"TASK A printing 1","logger":"airflow.task.hooks.airflow.providers.standard.hooks.subprocess.SubprocessHook","filename":"subprocess.py","lineno":99}
{"timestamp":"2026-02-21T21:26:53.488776Z","level":"info","event":"TASK A printing 2","logger":"airflow.task.hooks.airflow.providers.standard.hooks.subprocess.SubprocessHook","filename":"subprocess.py","lineno":99}
{"timestamp":"2026-02-21T21:26:53.488822Z","level":"info","event":"TASK A printing 3","logger":"airflow.task.hooks.airflow.providers.standard.hooks.subprocess.SubprocessHook","filename":"subprocess.py","lineno":99}
{"timestamp":"2026-02-21T21:26:53.488864Z","level":"info","event":"TASK A printing 4","logger":"airflow.task.hooks.airflow.providers.standard.hooks.subprocess.SubprocessHook","filename":"subprocess.py","lineno":99}
{"timestamp":"2026-02-21T21:26:53.488908Z","level":"info","event":"TASK A printing 5","logger":"airflow.task.hooks.airflow.providers.standard.hooks.subprocess.SubprocessHook","filename":"subprocess.py","lineno":99}
{"timestamp":"2026-02-21T21:26:53.488958Z","level":"info","event":"TASK A printing 6","logger":"airflow.task.hooks.airflow.providers.standard.hooks.subprocess.SubprocessHook","filename":"subprocess.py","lineno":99}
{"timestamp":"2026-02-21T21:26:53.489013Z","level":"info","event":"TASK A printing 7","logger":"airflow.task.hooks.airflow.providers.standard.hooks.subprocess.SubprocessHook","filename":"subprocess.py","lineno":99}
{"timestamp":"2026-02-21T21:26:53.489084Z","level":"info","event":"TASK A printing 8","logger":"airflow.task.hooks.airflow.providers.standard.hooks.subprocess.SubprocessHook","filename":"subprocess.py","lineno":99}
{"timestamp":"2026-02-21T21:26:53.489138Z","level":"info","event":"TASK A printing 9","logger":"airflow.task.hooks.airflow.providers.standard.hooks.subprocess.SubprocessHook","filename":"subprocess.py","lineno":99}
{"timestamp":"2026-02-21T21:26:53.489195Z","level":"info","event":"TASK A printing 10","logger":"airflow.task.hooks.airflow.providers.standard.hooks.subprocess.SubprocessHook","filename":"subprocess.py","lineno":99}
{"timestamp":"2026-02-21T21:26:53.489259Z","level":"info","event":"TASK A has ended!","logger":"airflow.task.hooks.airflow.providers.standard.hooks.subprocess.SubprocessHook","filename":"subprocess.py","lineno":99}
{"timestamp":"2026-02-21T21:26:53.489446Z","level":"info","event":"Command exited with return code 0","logger":"airflow.task.hooks.airflow.providers.standard.hooks.subprocess.SubprocessHook","filename":"subprocess.py","lineno":103}
{"timestamp":"2026-02-21T21:26:53.490105Z","level":"info","event":"Pushing xcom","ti":"RuntimeTaskInstance(id=UUID('019c8219-291a-7fef-930e-a1d3b16052fb'), task_id='taskA', dag_id='executing_multiple_tasks', run_id='manual__2026-02-21T21:26:52.939567+00:00', try_number=1, dag_version_id=UUID('019c8217-c6c1-78da-a5cf-1ccb1eaac4b1'), map_index=-1, hostname='fedora', context_carrier={}, task=<Task(BashOperator): taskA>, bundle_instance=LocalDagBundle(name=dags-folder), max_tries=0, start_date=datetime.datetime(2026, 2, 21, 21, 26, 53, 304568, tzinfo=datetime.timezone.utc), end_date=None, state=<TaskInstanceState.RUNNING: 'running'>, is_mapped=False, rendered_map_index=None)","logger":"task","filename":"task_runner.py","lineno":1522}
