{"timestamp":"2026-02-23T22:13:10.554074Z","level":"info","event":"DAG bundles loaded: dags-folder","logger":"airflow.dag_processing.bundles.manager.DagBundlesManager","filename":"manager.py","lineno":179}
{"timestamp":"2026-02-23T22:13:10.555486Z","level":"info","event":"Filling up the DagBag from /home/firoozyasin/airflow/dags/executing_branching.py","logger":"airflow.models.dagbag.BundleDagBag","filename":"dagbag.py","lineno":593}
{"timestamp":"2026-02-23T22:13:10.833499Z","level":"info","event":"    age     sex   bmi  children smoker     region   charges","logger":"task.stdout"}
{"timestamp":"2026-02-23T22:13:10.833657Z","level":"info","event":"0    19  female  27.9       0.0    yes  southwest  16884.92","logger":"task.stdout"}
{"timestamp":"2026-02-23T22:13:10.833725Z","level":"info","event":"1    18    male  33.8       1.0     no  southeast   1725.55","logger":"task.stdout"}
{"timestamp":"2026-02-23T22:13:10.833763Z","level":"info","event":"2    28    male  33.0       3.0     no  southeast   4449.46","logger":"task.stdout"}
{"timestamp":"2026-02-23T22:13:10.833800Z","level":"info","event":"3    33    male  22.7       0.0     no  northwest  21984.47","logger":"task.stdout"}
{"timestamp":"2026-02-23T22:13:10.833845Z","level":"info","event":"4    32    male  28.9       0.0     no  northwest   3866.86","logger":"task.stdout"}
{"timestamp":"2026-02-23T22:13:10.833877Z","level":"info","event":"5    31  female  25.7       0.0     no  southeast   3756.62","logger":"task.stdout"}
{"timestamp":"2026-02-23T22:13:10.833904Z","level":"info","event":"6    46  female  33.4       1.0     no  southeast   8240.59","logger":"task.stdout"}
{"timestamp":"2026-02-23T22:13:10.833929Z","level":"info","event":"7    37  female  27.7       3.0     no  northwest   7281.51","logger":"task.stdout"}
{"timestamp":"2026-02-23T22:13:10.833952Z","level":"info","event":"8    37    male  29.8       2.0     no  northeast   6406.40","logger":"task.stdout"}
{"timestamp":"2026-02-23T22:13:10.833976Z","level":"info","event":"9    60  female  25.8       0.0     no  northwest  28923.14","logger":"task.stdout"}
{"timestamp":"2026-02-23T22:13:10.833996Z","level":"info","event":"10   25    male  26.2       0.0     no  northeast   2721.32","logger":"task.stdout"}
{"timestamp":"2026-02-23T22:13:10.834017Z","level":"info","event":"11   62  female  26.3       0.0    yes  southeast  27808.73","logger":"task.stdout"}
{"timestamp":"2026-02-23T22:13:10.834037Z","level":"info","event":"12   23    male  34.4       0.0     no  southwest   1826.84","logger":"task.stdout"}
{"timestamp":"2026-02-23T22:13:10.834058Z","level":"info","event":"13   56  female  39.8       0.0     no  southeast  11090.72","logger":"task.stdout"}
{"timestamp":"2026-02-23T22:13:10.834078Z","level":"info","event":"14   27    male  42.1       0.0    yes  southeast  39611.76","logger":"task.stdout"}
{"timestamp":"2026-02-23T22:13:10.834103Z","level":"info","event":"15   19    male  24.6       1.0     no  southwest   1837.24","logger":"task.stdout"}
{"timestamp":"2026-02-23T22:13:10.834123Z","level":"info","event":"16   20     NaN   NaN       NaN    NaN        NaN       NaN","logger":"task.stdout"}
{"timestamp":"2026-02-23T22:13:10.834143Z","level":"info","event":"17   52  female  30.8       1.0     no  northeast  10797.34","logger":"task.stdout"}
{"timestamp":"2026-02-23T22:13:10.834162Z","level":"info","event":"18   23    male  23.8       0.0     no  southwest   2395.17","logger":"task.stdout"}
{"timestamp":"2026-02-23T22:13:10.834181Z","level":"info","event":"19   56    male  40.3       0.0     no  southwest  10602.38","logger":"task.stdout"}
{"timestamp":"2026-02-23T22:13:10.834201Z","level":"info","event":"20   30    male  35.3       0.0    yes  southwest  36837.47","logger":"task.stdout"}
{"timestamp":"2026-02-23T22:13:10.834220Z","level":"info","event":"21   60  female  36.0       0.0     no  northeast  13228.85","logger":"task.stdout"}
{"timestamp":"2026-02-23T22:13:10.834240Z","level":"info","event":"22   30  female  32.4       1.0     no  southeast   4149.74","logger":"task.stdout"}
{"timestamp":"2026-02-23T22:13:10.834260Z","level":"info","event":"23   18    male  34.1       0.0     no  southeast   1137.01","logger":"task.stdout"}
{"timestamp":"2026-02-23T22:13:10.834286Z","level":"info","event":"24   34  female  31.9       1.0    yes  northeast  37701.88","logger":"task.stdout"}
{"timestamp":"2026-02-23T22:13:10.834313Z","level":"info","event":"25   37    male  30.8       2.0     no  southeast   6313.76","logger":"task.stdout"}
{"timestamp":"2026-02-23T22:13:10.833645Z","level":"info","event":"Done. Returned value was: {\"age\":{\"0\":19,\"1\":18,\"2\":28,\"3\":33,\"4\":32,\"5\":31,\"6\":46,\"7\":37,\"8\":37,\"9\":60,\"10\":25,\"11\":62,\"12\":23,\"13\":56,\"14\":27,\"15\":19,\"16\":20,\"17\":52,\"18\":23,\"19\":56,\"20\":30,\"21\":60,\"22\":30,\"23\":18,\"24\":34,\"25\":37},\"sex\":{\"0\":\"female\",\"1\":\"male\",\"2\":\"male\",\"3\":\"male\",\"4\":\"male\",\"5\":\"female\",\"6\":\"female\",\"7\":\"female\",\"8\":\"male\",\"9\":\"female\",\"10\":\"male\",\"11\":\"female\",\"12\":\"male\",\"13\":\"female\",\"14\":\"male\",\"15\":\"male\",\"16\":null,\"17\":\"female\",\"18\":\"male\",\"19\":\"male\",\"20\":\"male\",\"21\":\"female\",\"22\":\"female\",\"23\":\"male\",\"24\":\"female\",\"25\":\"male\"},\"bmi\":{\"0\":27.9,\"1\":33.8,\"2\":33.0,\"3\":22.7,\"4\":28.9,\"5\":25.7,\"6\":33.4,\"7\":27.7,\"8\":29.8,\"9\":25.8,\"10\":26.2,\"11\":26.3,\"12\":34.4,\"13\":39.8,\"14\":42.1,\"15\":24.6,\"16\":null,\"17\":30.8,\"18\":23.8,\"19\":40.3,\"20\":35.3,\"21\":36.0,\"22\":32.4,\"23\":34.1,\"24\":31.9,\"25\":30.8},\"children\":{\"0\":0.0,\"1\":1.0,\"2\":3.0,\"3\":0.0,\"4\":0.0,\"5\":0.0,\"6\":1.0,\"7\":3.0,\"8\":2.0,\"9\":0.0,\"10\":0.0,\"11\":0.0,\"12\":0.0,\"13\":0.0,\"14\":0.0,\"15\":1.0,\"16\":null,\"17\":1.0,\"18\":0.0,\"19\":0.0,\"20\":0.0,\"21\":0.0,\"22\":1.0,\"23\":0.0,\"24\":1.0,\"25\":2.0},\"smoker\":{\"0\":\"yes\",\"1\":\"no\",\"2\":\"no\",\"3\":\"no\",\"4\":\"no\",\"5\":\"no\",\"6\":\"no\",\"7\":\"no\",\"8\":\"no\",\"9\":\"no\",\"10\":\"no\",\"11\":\"yes\",\"12\":\"no\",\"13\":\"no\",\"14\":\"yes\",\"15\":\"no\",\"16\":null,\"17\":\"no\",\"18\":\"no\",\"19\":\"no\",\"20\":\"yes\",\"21\":\"no\",\"22\":\"no\",\"23\":\"no\",\"24\":\"yes\",\"25\":\"no\"},\"region\":{\"0\":\"southwest\",\"1\":\"southeast\",\"2\":\"southeast\",\"3\":\"northwest\",\"4\":\"northwest\",\"5\":\"southeast\",\"6\":\"southeast\",\"7\":\"northwest\",\"8\":\"northeast\",\"9\":\"northwest\",\"10\":\"northeast\",\"11\":\"southeast\",\"12\":\"southwest\",\"13\":\"southeast\",\"14\":\"southeast\",\"15\":\"southwest\",\"16\":null,\"17\":\"northeast\",\"18\":\"southwest\",\"19\":\"southwest\",\"20\":\"southwest\",\"21\":\"northeast\",\"22\":\"southeast\",\"23\":\"southeast\",\"24\":\"northeast\",\"25\":\"southeast\"},\"charges\":{\"0\":16884.92,\"1\":1725.55,\"2\":4449.46,\"3\":21984.47,\"4\":3866.86,\"5\":3756.62,\"6\":8240.59,\"7\":7281.51,\"8\":6406.4,\"9\":28923.14,\"10\":2721.32,\"11\":27808.73,\"12\":1826.84,\"13\":11090.72,\"14\":39611.76,\"15\":1837.24,\"16\":null,\"17\":10797.34,\"18\":2395.17,\"19\":10602.38,\"20\":36837.47,\"21\":13228.85,\"22\":4149.74,\"23\":1137.01,\"24\":37701.88,\"25\":6313.76}}","logger":"airflow.task.operators.airflow.providers.standard.operators.python.PythonOperator","filename":"python.py","lineno":230}
{"timestamp":"2026-02-23T22:13:10.833901Z","level":"info","event":"Pushing xcom","ti":"RuntimeTaskInstance(id=UUID('019c8c90-3e1d-7fc2-9313-30f7dbdf0e7a'), task_id='read_csv_file', dag_id='executing_branching', run_id='manual__2026-02-23T22:13:09.262540+00:00', try_number=1, dag_version_id=UUID('019c8c70-2148-7bc1-bb29-cb7ed0f406d5'), map_index=-1, hostname='fedora', context_carrier={}, task=<Task(PythonOperator): read_csv_file>, bundle_instance=LocalDagBundle(name=dags-folder), max_tries=0, start_date=datetime.datetime(2026, 2, 23, 22, 13, 10, 527457, tzinfo=datetime.timezone.utc), end_date=None, state=<TaskInstanceState.RUNNING: 'running'>, is_mapped=False, rendered_map_index=None)","logger":"task","filename":"task_runner.py","lineno":1522}
