{"timestamp":"2026-02-19T19:50:06.656006Z","level":"info","event":"DAG bundles loaded: dags-folder, example_dags","logger":"airflow.dag_processing.bundles.manager.DagBundlesManager","filename":"manager.py","lineno":179}
{"timestamp":"2026-02-19T19:50:06.657210Z","level":"info","event":"Filling up the DagBag from /home/firoozyasin/anaconda3/envs/python310/lib/python3.10/site-packages/airflow/example_dags/standard/example_branch_operator.py","logger":"airflow.models.dagbag.BundleDagBag","filename":"dagbag.py","lineno":593}
{"timestamp":"2026-02-19T19:50:06.682941Z","level":"info","event":"Task instance is in running state","logger":"task.stdout"}
{"timestamp":"2026-02-19T19:50:06.683032Z","level":"info","event":" Previous state of the Task instance: TaskInstanceState.QUEUED","logger":"task.stdout"}
{"timestamp":"2026-02-19T19:50:06.683131Z","level":"info","event":"Current task name:venv_b","logger":"task.stdout"}
{"timestamp":"2026-02-19T19:50:06.683176Z","level":"info","event":"Dag name:example_branch_operator","logger":"task.stdout"}
{"timestamp":"2026-02-19T19:50:06.683507Z","level":"warning","event":"Using Variable.get from `airflow.models` is deprecated.Please use `get` on Variable from sdk(`airflow.sdk.Variable`) instead","category":"DeprecationWarning","filename":"/home/firoozyasin/anaconda3/envs/python310/lib/python3.10/site-packages/airflow/models/variable.py","lineno":151,"logger":"py.warnings"}
{"timestamp":"2026-02-19T19:50:06.691859Z","level":"info","event":"Python virtual environment will be cached in /tmp/venv-5ea997a7","logger":"airflow.task.operators.airflow.providers.standard.operators.python.PythonVirtualenvOperator","filename":"python.py","lineno":898}
{"timestamp":"2026-02-19T19:50:06.692188Z","level":"info","event":"Reusing cached Python virtual environment in /tmp/venv-5ea997a7","logger":"airflow.task.operators.airflow.providers.standard.operators.python.PythonVirtualenvOperator","filename":"python.py","lineno":912}
{"timestamp":"2026-02-19T19:50:06.696108Z","level":"info","event":"Executing cmd: /tmp/venv-5ea997a7/bin/python /tmp/venv-callh58goc5d/script.py /tmp/venv-callh58goc5d/script.in /tmp/venv-callh58goc5d/script.out /tmp/venv-callh58goc5d/string_args.txt /tmp/venv-callh58goc5d/termination.log /tmp/venv-callh58goc5d/airflow_context.json","logger":"airflow.providers.standard.utils.python_virtualenv","filename":"python_virtualenv.py","lineno":147}
{"timestamp":"2026-02-19T19:50:06.696688Z","level":"info","event":"Output:","logger":"airflow.providers.standard.utils.python_virtualenv","filename":"python_virtualenv.py","lineno":157}
{"timestamp":"2026-02-19T19:50:07.283333Z","level":"info","event":"2026-02-19T19:50:07.282974Z [info     ] setup plugin alembic.autogenerate.schemas [alembic.runtime.plugins] loc=plugins.py:37","logger":"airflow.providers.standard.utils.python_virtualenv","filename":"python_virtualenv.py","lineno":161}
{"timestamp":"2026-02-19T19:50:07.283480Z","level":"info","event":"2026-02-19T19:50:07.283107Z [info     ] setup plugin alembic.autogenerate.tables [alembic.runtime.plugins] loc=plugins.py:37","logger":"airflow.providers.standard.utils.python_virtualenv","filename":"python_virtualenv.py","lineno":161}
{"timestamp":"2026-02-19T19:50:07.283555Z","level":"info","event":"2026-02-19T19:50:07.283170Z [info     ] setup plugin alembic.autogenerate.types [alembic.runtime.plugins] loc=plugins.py:37","logger":"airflow.providers.standard.utils.python_virtualenv","filename":"python_virtualenv.py","lineno":161}
{"timestamp":"2026-02-19T19:50:07.283629Z","level":"info","event":"2026-02-19T19:50:07.283224Z [info     ] setup plugin alembic.autogenerate.constraints [alembic.runtime.plugins] loc=plugins.py:37","logger":"airflow.providers.standard.utils.python_virtualenv","filename":"python_virtualenv.py","lineno":161}
{"timestamp":"2026-02-19T19:50:07.283698Z","level":"info","event":"2026-02-19T19:50:07.283276Z [info     ] setup plugin alembic.autogenerate.defaults [alembic.runtime.plugins] loc=plugins.py:37","logger":"airflow.providers.standard.utils.python_virtualenv","filename":"python_virtualenv.py","lineno":161}
{"timestamp":"2026-02-19T19:50:07.283766Z","level":"info","event":"2026-02-19T19:50:07.283325Z [info     ] setup plugin alembic.autogenerate.comments [alembic.runtime.plugins] loc=plugins.py:37","logger":"airflow.providers.standard.utils.python_virtualenv","filename":"python_virtualenv.py","lineno":161}
{"timestamp":"2026-02-19T19:50:07.347275Z","level":"info","event":"2026-02-19T19:50:07.346946Z [warning  ] Could not import pandas. Holidays will not be considered. [airflow.example_dags.plugins.workday] loc=workday.py:41","logger":"airflow.providers.standard.utils.python_virtualenv","filename":"python_virtualenv.py","lineno":161}
{"timestamp":"2026-02-19T19:50:07.672006Z","level":"info","event":"Hello World with some numpy stuff: [0 1 2 3 4 5]","logger":"airflow.providers.standard.utils.python_virtualenv","filename":"python_virtualenv.py","lineno":161}
{"timestamp":"2026-02-19T19:50:07.914761Z","level":"info","event":"Done. Returned value was: None","logger":"airflow.task.operators.airflow.providers.standard.operators.python.PythonVirtualenvOperator","filename":"python.py","lineno":230}
{"timestamp":"2026-02-19T19:50:07.931752Z","level":"info","event":"Task instance in success state","logger":"task.stdout"}
{"timestamp":"2026-02-19T19:50:07.931854Z","level":"info","event":" Previous state of the Task instance: TaskInstanceState.RUNNING","logger":"task.stdout"}
{"timestamp":"2026-02-19T19:50:07.931939Z","level":"info","event":"Task operator:<Task(PythonVirtualenvOperator): venv_b>","logger":"task.stdout"}
