{"timestamp":"2026-02-19T19:46:45.864426Z","level":"info","event":"DAG bundles loaded: dags-folder, example_dags","logger":"airflow.dag_processing.bundles.manager.DagBundlesManager","filename":"manager.py","lineno":179}
{"timestamp":"2026-02-19T19:46:45.865020Z","level":"info","event":"Filling up the DagBag from /home/firoozyasin/anaconda3/envs/python310/lib/python3.10/site-packages/airflow/example_dags/standard/example_branch_operator.py","logger":"airflow.models.dagbag.BundleDagBag","filename":"dagbag.py","lineno":593}
{"timestamp":"2026-02-19T19:46:45.894006Z","level":"info","event":"Task instance is in running state","logger":"task.stdout"}
{"timestamp":"2026-02-19T19:46:45.894101Z","level":"info","event":" Previous state of the Task instance: TaskInstanceState.QUEUED","logger":"task.stdout"}
{"timestamp":"2026-02-19T19:46:45.894164Z","level":"info","event":"Current task name:branching_venv","logger":"task.stdout"}
{"timestamp":"2026-02-19T19:46:45.894191Z","level":"info","event":"Dag name:example_branch_operator","logger":"task.stdout"}
{"timestamp":"2026-02-19T19:46:45.894529Z","level":"warning","event":"Using Variable.get from `airflow.models` is deprecated.Please use `get` on Variable from sdk(`airflow.sdk.Variable`) instead","category":"DeprecationWarning","filename":"/home/firoozyasin/anaconda3/envs/python310/lib/python3.10/site-packages/airflow/models/variable.py","lineno":151,"logger":"py.warnings"}
{"timestamp":"2026-02-19T19:46:45.903881Z","level":"info","event":"Python virtual environment will be cached in /tmp/venv-5ea997a7","logger":"airflow.task.operators.airflow.providers.standard.operators.python.BranchPythonVirtualenvOperator","filename":"python.py","lineno":898}
{"timestamp":"2026-02-19T19:46:45.904947Z","level":"info","event":"Executing cmd: python -m venv /tmp/venv-5ea997a7 --system-site-packages","logger":"airflow.providers.standard.utils.python_virtualenv","filename":"python_virtualenv.py","lineno":147}
{"timestamp":"2026-02-19T19:46:45.905695Z","level":"info","event":"Output:","logger":"airflow.providers.standard.utils.python_virtualenv","filename":"python_virtualenv.py","lineno":157}
{"timestamp":"2026-02-19T19:46:48.133110Z","level":"info","event":"Executing cmd: /tmp/venv-5ea997a7/bin/pip install -r /tmp/venv-5ea997a7/requirements.txt","logger":"airflow.providers.standard.utils.python_virtualenv","filename":"python_virtualenv.py","lineno":147}
{"timestamp":"2026-02-19T19:46:48.133620Z","level":"info","event":"Output:","logger":"airflow.providers.standard.utils.python_virtualenv","filename":"python_virtualenv.py","lineno":157}
{"timestamp":"2026-02-19T19:46:50.540602Z","level":"info","event":"Collecting numpy~=1.26.0","logger":"airflow.providers.standard.utils.python_virtualenv","filename":"python_virtualenv.py","lineno":161}
{"timestamp":"2026-02-19T19:46:51.269904Z","level":"info","event":"  Downloading numpy-1.26.4-cp310-cp310-manylinux_2_17_x86_64.manylinux2014_x86_64.whl (18.2 MB)","logger":"airflow.providers.standard.utils.python_virtualenv","filename":"python_virtualenv.py","lineno":161}
{"timestamp":"2026-02-19T19:47:09.154425Z","level":"info","event":"     ━━━━━━━━━━━━━━━━━━━━━━━━━━━━━━━━━━━━━━━━ 18.2/18.2 MB 1.1 MB/s eta 0:00:00","logger":"airflow.providers.standard.utils.python_virtualenv","filename":"python_virtualenv.py","lineno":161}
{"timestamp":"2026-02-19T19:47:09.964187Z","level":"info","event":"Installing collected packages: numpy","logger":"airflow.providers.standard.utils.python_virtualenv","filename":"python_virtualenv.py","lineno":161}
{"timestamp":"2026-02-19T19:47:11.247837Z","level":"info","event":"Successfully installed numpy-1.26.4","logger":"airflow.providers.standard.utils.python_virtualenv","filename":"python_virtualenv.py","lineno":161}
{"timestamp":"2026-02-19T19:47:11.713999Z","level":"info","event":"","logger":"airflow.providers.standard.utils.python_virtualenv","filename":"python_virtualenv.py","lineno":161}
{"timestamp":"2026-02-19T19:47:11.714271Z","level":"info","event":"[notice] A new release of pip is available: 23.0.1 -> 26.0.1","logger":"airflow.providers.standard.utils.python_virtualenv","filename":"python_virtualenv.py","lineno":161}
{"timestamp":"2026-02-19T19:47:11.714384Z","level":"info","event":"[notice] To update, run: python -m pip install --upgrade pip","logger":"airflow.providers.standard.utils.python_virtualenv","filename":"python_virtualenv.py","lineno":161}
{"timestamp":"2026-02-19T19:47:11.841789Z","level":"info","event":"New Python virtual environment created in /tmp/venv-5ea997a7","logger":"airflow.task.operators.airflow.providers.standard.operators.python.BranchPythonVirtualenvOperator","filename":"python.py","lineno":946}
{"timestamp":"2026-02-19T19:47:11.842127Z","level":"info","event":"Use 'pickle' as serializer.","logger":"airflow.task.operators.airflow.providers.standard.operators.python.BranchPythonVirtualenvOperator","filename":"python.py","lineno":582}
{"timestamp":"2026-02-19T19:47:11.846145Z","level":"info","event":"Executing cmd: /tmp/venv-5ea997a7/bin/python /tmp/venv-callxsqut7y0/script.py /tmp/venv-callxsqut7y0/script.in /tmp/venv-callxsqut7y0/script.out /tmp/venv-callxsqut7y0/string_args.txt /tmp/venv-callxsqut7y0/termination.log /tmp/venv-callxsqut7y0/airflow_context.json","logger":"airflow.providers.standard.utils.python_virtualenv","filename":"python_virtualenv.py","lineno":147}
{"timestamp":"2026-02-19T19:47:11.846765Z","level":"info","event":"Output:","logger":"airflow.providers.standard.utils.python_virtualenv","filename":"python_virtualenv.py","lineno":157}
{"timestamp":"2026-02-19T19:47:12.369076Z","level":"info","event":"2026-02-19T19:47:12.368707Z [info     ] setup plugin alembic.autogenerate.schemas [alembic.runtime.plugins] loc=plugins.py:37","logger":"airflow.providers.standard.utils.python_virtualenv","filename":"python_virtualenv.py","lineno":161}
{"timestamp":"2026-02-19T19:47:12.369287Z","level":"info","event":"2026-02-19T19:47:12.368873Z [info     ] setup plugin alembic.autogenerate.tables [alembic.runtime.plugins] loc=plugins.py:37","logger":"airflow.providers.standard.utils.python_virtualenv","filename":"python_virtualenv.py","lineno":161}
{"timestamp":"2026-02-19T19:47:12.369432Z","level":"info","event":"2026-02-19T19:47:12.368941Z [info     ] setup plugin alembic.autogenerate.types [alembic.runtime.plugins] loc=plugins.py:37","logger":"airflow.providers.standard.utils.python_virtualenv","filename":"python_virtualenv.py","lineno":161}
{"timestamp":"2026-02-19T19:47:12.369573Z","level":"info","event":"2026-02-19T19:47:12.368990Z [info     ] setup plugin alembic.autogenerate.constraints [alembic.runtime.plugins] loc=plugins.py:37","logger":"airflow.providers.standard.utils.python_virtualenv","filename":"python_virtualenv.py","lineno":161}
{"timestamp":"2026-02-19T19:47:12.369708Z","level":"info","event":"2026-02-19T19:47:12.369036Z [info     ] setup plugin alembic.autogenerate.defaults [alembic.runtime.plugins] loc=plugins.py:37","logger":"airflow.providers.standard.utils.python_virtualenv","filename":"python_virtualenv.py","lineno":161}
{"timestamp":"2026-02-19T19:47:12.369843Z","level":"info","event":"2026-02-19T19:47:12.369082Z [info     ] setup plugin alembic.autogenerate.comments [alembic.runtime.plugins] loc=plugins.py:37","logger":"airflow.providers.standard.utils.python_virtualenv","filename":"python_virtualenv.py","lineno":161}
{"timestamp":"2026-02-19T19:47:12.436090Z","level":"info","event":"2026-02-19T19:47:12.435720Z [warning  ] Could not import pandas. Holidays will not be considered. [airflow.example_dags.plugins.workday] loc=workday.py:41","logger":"airflow.providers.standard.utils.python_virtualenv","filename":"python_virtualenv.py","lineno":161}
{"timestamp":"2026-02-19T19:47:12.763976Z","level":"info","event":"Some numpy stuff: [0 1 2 3 4 5]","logger":"airflow.providers.standard.utils.python_virtualenv","filename":"python_virtualenv.py","lineno":161}
{"timestamp":"2026-02-19T19:47:13.002787Z","level":"info","event":"Done. Returned value was: venv_c","logger":"airflow.task.operators.airflow.providers.standard.operators.python.BranchPythonVirtualenvOperator","filename":"python.py","lineno":230}
{"timestamp":"2026-02-19T19:47:13.002911Z","level":"info","event":"Branch into venv_c","logger":"airflow.task.operators.airflow.providers.standard.operators.python.BranchPythonVirtualenvOperator","filename":"branch.py","lineno":44}
{"timestamp":"2026-02-19T19:47:13.003221Z","level":"info","event":"Following branch {'venv_c'}","logger":"airflow.task.operators.airflow.providers.standard.operators.python.BranchPythonVirtualenvOperator","filename":"skipmixin.py","lineno":146}
{"timestamp":"2026-02-19T19:47:13.003424Z","level":"info","event":"Skipping tasks [('venv_d', -1), ('venv_b', -1), ('venv_a', -1)]","logger":"airflow.task.operators.airflow.providers.standard.operators.python.BranchPythonVirtualenvOperator","filename":"skipmixin.py","lineno":185}
{"timestamp":"2026-02-19T19:47:13.018036Z","level":"info","event":"Skipping downstream tasks.","logger":"task","filename":"task_runner.py","lineno":1083}
{"timestamp":"2026-02-19T19:47:13.038007Z","level":"info","event":"Task instance in success state","logger":"task.stdout"}
{"timestamp":"2026-02-19T19:47:13.038241Z","level":"info","event":" Previous state of the Task instance: TaskInstanceState.RUNNING","logger":"task.stdout"}
{"timestamp":"2026-02-19T19:47:13.038380Z","level":"info","event":"Task operator:<Task(BranchPythonVirtualenvOperator): branching_venv>","logger":"task.stdout"}
