{"timestamp":"2026-02-20T17:36:43.289235Z","level":"info","event":"DAG bundles loaded: dags-folder","logger":"airflow.dag_processing.bundles.manager.DagBundlesManager","filename":"manager.py","lineno":179}
{"timestamp":"2026-02-20T17:36:43.290029Z","level":"info","event":"Filling up the DagBag from /home/firoozyasin/airflow/dags/execute_multiple_tasks.py","logger":"airflow.models.dagbag.BundleDagBag","filename":"dagbag.py","lineno":593}
{"timestamp":"2026-02-20T17:36:43.297097Z","level":"warning","event":"The `airflow.operators.bash.BashOperator` attribute is deprecated. Please use `'airflow.providers.standard.operators.bash.BashOperator'`.","category":"DeprecatedImportWarning","filename":"/home/firoozyasin/airflow/dags/execute_multiple_tasks.py","lineno":6,"logger":"py.warnings"}
{"timestamp":"2026-02-20T17:36:43.320802Z","level":"info","event":"Tmp dir root location: /tmp","logger":"airflow.task.hooks.airflow.providers.standard.hooks.subprocess.SubprocessHook","filename":"subprocess.py","lineno":78}
{"timestamp":"2026-02-20T17:36:43.321436Z","level":"info","event":"Running command: ['/usr/bin/bash', '-c', '\\n            echo TASK A has started!\\n            for i in {1..10}\\n            do \\n                echo TASK A printing $i\\n            done\\n\\n            echo TASK A has ended!\\n        ']","logger":"airflow.task.hooks.airflow.providers.standard.hooks.subprocess.SubprocessHook","filename":"subprocess.py","lineno":80}
{"timestamp":"2026-02-20T17:36:43.322283Z","level":"info","event":"Output:","logger":"airflow.task.hooks.airflow.providers.standard.hooks.subprocess.SubprocessHook","filename":"subprocess.py","lineno":92}
{"timestamp":"2026-02-20T17:36:43.323255Z","level":"info","event":"TASK A has started!","logger":"airflow.task.hooks.airflow.providers.standard.hooks.subprocess.SubprocessHook","filename":"subprocess.py","lineno":99}
{"timestamp":"2026-02-20T17:36:43.323335Z","level":"info","event":"TASK A printing 1","logger":"airflow.task.hooks.airflow.providers.standard.hooks.subprocess.SubprocessHook","filename":"subprocess.py","lineno":99}
{"timestamp":"2026-02-20T17:36:43.323379Z","level":"info","event":"TASK A printing 2","logger":"airflow.task.hooks.airflow.providers.standard.hooks.subprocess.SubprocessHook","filename":"subprocess.py","lineno":99}
{"timestamp":"2026-02-20T17:36:43.323418Z","level":"info","event":"TASK A printing 3","logger":"airflow.task.hooks.airflow.providers.standard.hooks.subprocess.SubprocessHook","filename":"subprocess.py","lineno":99}
{"timestamp":"2026-02-20T17:36:43.323462Z","level":"info","event":"TASK A printing 4","logger":"airflow.task.hooks.airflow.providers.standard.hooks.subprocess.SubprocessHook","filename":"subprocess.py","lineno":99}
{"timestamp":"2026-02-20T17:36:43.323499Z","level":"info","event":"TASK A printing 5","logger":"airflow.task.hooks.airflow.providers.standard.hooks.subprocess.SubprocessHook","filename":"subprocess.py","lineno":99}
{"timestamp":"2026-02-20T17:36:43.323535Z","level":"info","event":"TASK A printing 6","logger":"airflow.task.hooks.airflow.providers.standard.hooks.subprocess.SubprocessHook","filename":"subprocess.py","lineno":99}
{"timestamp":"2026-02-20T17:36:43.323570Z","level":"info","event":"TASK A printing 7","logger":"airflow.task.hooks.airflow.providers.standard.hooks.subprocess.SubprocessHook","filename":"subprocess.py","lineno":99}
{"timestamp":"2026-02-20T17:36:43.323605Z","level":"info","event":"TASK A printing 8","logger":"airflow.task.hooks.airflow.providers.standard.hooks.subprocess.SubprocessHook","filename":"subprocess.py","lineno":99}
{"timestamp":"2026-02-20T17:36:43.323648Z","level":"info","event":"TASK A printing 9","logger":"airflow.task.hooks.airflow.providers.standard.hooks.subprocess.SubprocessHook","filename":"subprocess.py","lineno":99}
{"timestamp":"2026-02-20T17:36:43.323684Z","level":"info","event":"TASK A printing 10","logger":"airflow.task.hooks.airflow.providers.standard.hooks.subprocess.SubprocessHook","filename":"subprocess.py","lineno":99}
{"timestamp":"2026-02-20T17:36:43.323718Z","level":"info","event":"TASK A has ended!","logger":"airflow.task.hooks.airflow.providers.standard.hooks.subprocess.SubprocessHook","filename":"subprocess.py","lineno":99}
{"timestamp":"2026-02-20T17:36:43.323821Z","level":"info","event":"Command exited with return code 0","logger":"airflow.task.hooks.airflow.providers.standard.hooks.subprocess.SubprocessHook","filename":"subprocess.py","lineno":103}
{"timestamp":"2026-02-20T17:36:43.324068Z","level":"info","event":"Pushing xcom","ti":"RuntimeTaskInstance(id=UUID('019c7c20-134c-7916-a48a-3e7f0b98f884'), task_id='taskA', dag_id='executing_multiple_tasks', run_id='manual__2026-02-20T17:36:42.816255+00:00', try_number=1, dag_version_id=UUID('019c7bce-852b-7640-84e6-074b1294a13e'), map_index=-1, hostname='fedora', context_carrier={}, task=<Task(BashOperator): taskA>, bundle_instance=LocalDagBundle(name=dags-folder), max_tries=0, start_date=datetime.datetime(2026, 2, 20, 17, 36, 43, 265810, tzinfo=datetime.timezone.utc), end_date=None, state=<TaskInstanceState.RUNNING: 'running'>, is_mapped=False, rendered_map_index=None)","logger":"task","filename":"task_runner.py","lineno":1522}
