{"timestamp":"2026-02-19T19:46:40.602388Z","level":"info","event":"DAG bundles loaded: dags-folder, example_dags","logger":"airflow.dag_processing.bundles.manager.DagBundlesManager","filename":"manager.py","lineno":179}
{"timestamp":"2026-02-19T19:46:40.603686Z","level":"info","event":"Filling up the DagBag from /home/firoozyasin/anaconda3/envs/python310/lib/python3.10/site-packages/airflow/example_dags/standard/example_branch_operator.py","logger":"airflow.models.dagbag.BundleDagBag","filename":"dagbag.py","lineno":593}
{"timestamp":"2026-02-19T19:46:40.633923Z","level":"info","event":"Task instance is in running state","logger":"task.stdout"}
{"timestamp":"2026-02-19T19:46:40.634068Z","level":"info","event":" Previous state of the Task instance: TaskInstanceState.QUEUED","logger":"task.stdout"}
{"timestamp":"2026-02-19T19:46:40.634241Z","level":"info","event":"Current task name:branching_ext_python","logger":"task.stdout"}
{"timestamp":"2026-02-19T19:46:40.634319Z","level":"info","event":"Dag name:example_branch_operator","logger":"task.stdout"}
{"timestamp":"2026-02-19T19:46:40.693366Z","level":"info","event":"Use 'pickle' as serializer.","logger":"airflow.task.operators.airflow.providers.standard.operators.python.BranchExternalPythonOperator","filename":"python.py","lineno":582}
{"timestamp":"2026-02-19T19:46:40.698158Z","level":"info","event":"Executing cmd: /home/firoozyasin/anaconda3/envs/python310/bin/python3.10 /tmp/venv-callaku37yrx/script.py /tmp/venv-callaku37yrx/script.in /tmp/venv-callaku37yrx/script.out /tmp/venv-callaku37yrx/string_args.txt /tmp/venv-callaku37yrx/termination.log /tmp/venv-callaku37yrx/airflow_context.json","logger":"airflow.providers.standard.utils.python_virtualenv","filename":"python_virtualenv.py","lineno":147}
{"timestamp":"2026-02-19T19:46:40.698850Z","level":"info","event":"Output:","logger":"airflow.providers.standard.utils.python_virtualenv","filename":"python_virtualenv.py","lineno":157}
{"timestamp":"2026-02-19T19:46:41.294383Z","level":"info","event":"2026-02-19T19:46:41.294031Z [info     ] setup plugin alembic.autogenerate.schemas [alembic.runtime.plugins] loc=plugins.py:37","logger":"airflow.providers.standard.utils.python_virtualenv","filename":"python_virtualenv.py","lineno":161}
{"timestamp":"2026-02-19T19:46:41.294530Z","level":"info","event":"2026-02-19T19:46:41.294161Z [info     ] setup plugin alembic.autogenerate.tables [alembic.runtime.plugins] loc=plugins.py:37","logger":"airflow.providers.standard.utils.python_virtualenv","filename":"python_virtualenv.py","lineno":161}
{"timestamp":"2026-02-19T19:46:41.294606Z","level":"info","event":"2026-02-19T19:46:41.294252Z [info     ] setup plugin alembic.autogenerate.types [alembic.runtime.plugins] loc=plugins.py:37","logger":"airflow.providers.standard.utils.python_virtualenv","filename":"python_virtualenv.py","lineno":161}
{"timestamp":"2026-02-19T19:46:41.294682Z","level":"info","event":"2026-02-19T19:46:41.294329Z [info     ] setup plugin alembic.autogenerate.constraints [alembic.runtime.plugins] loc=plugins.py:37","logger":"airflow.providers.standard.utils.python_virtualenv","filename":"python_virtualenv.py","lineno":161}
{"timestamp":"2026-02-19T19:46:41.294749Z","level":"info","event":"2026-02-19T19:46:41.294374Z [info     ] setup plugin alembic.autogenerate.defaults [alembic.runtime.plugins] loc=plugins.py:37","logger":"airflow.providers.standard.utils.python_virtualenv","filename":"python_virtualenv.py","lineno":161}
{"timestamp":"2026-02-19T19:46:41.294816Z","level":"info","event":"2026-02-19T19:46:41.294416Z [info     ] setup plugin alembic.autogenerate.comments [alembic.runtime.plugins] loc=plugins.py:37","logger":"airflow.providers.standard.utils.python_virtualenv","filename":"python_virtualenv.py","lineno":161}
{"timestamp":"2026-02-19T19:46:41.360336Z","level":"info","event":"2026-02-19T19:46:41.359978Z [warning  ] Could not import pandas. Holidays will not be considered. [airflow.example_dags.plugins.workday] loc=workday.py:41","logger":"airflow.providers.standard.utils.python_virtualenv","filename":"python_virtualenv.py","lineno":161}
{"timestamp":"2026-02-19T19:46:41.854347Z","level":"info","event":"Done. Returned value was: ext_py_a","logger":"airflow.task.operators.airflow.providers.standard.operators.python.BranchExternalPythonOperator","filename":"python.py","lineno":230}
{"timestamp":"2026-02-19T19:46:41.854440Z","level":"info","event":"Branch into ext_py_a","logger":"airflow.task.operators.airflow.providers.standard.operators.python.BranchExternalPythonOperator","filename":"branch.py","lineno":44}
{"timestamp":"2026-02-19T19:46:41.854656Z","level":"info","event":"Following branch {'ext_py_a'}","logger":"airflow.task.operators.airflow.providers.standard.operators.python.BranchExternalPythonOperator","filename":"skipmixin.py","lineno":146}
{"timestamp":"2026-02-19T19:46:41.854879Z","level":"info","event":"Skipping tasks [('ext_py_d', -1), ('ext_py_b', -1), ('ext_py_c', -1)]","logger":"airflow.task.operators.airflow.providers.standard.operators.python.BranchExternalPythonOperator","filename":"skipmixin.py","lineno":185}
{"timestamp":"2026-02-19T19:46:41.870776Z","level":"info","event":"Skipping downstream tasks.","logger":"task","filename":"task_runner.py","lineno":1083}
{"timestamp":"2026-02-19T19:46:41.891793Z","level":"info","event":"Task instance in success state","logger":"task.stdout"}
{"timestamp":"2026-02-19T19:46:41.891884Z","level":"info","event":" Previous state of the Task instance: TaskInstanceState.RUNNING","logger":"task.stdout"}
{"timestamp":"2026-02-19T19:46:41.891941Z","level":"info","event":"Task operator:<Task(BranchExternalPythonOperator): branching_ext_python>","logger":"task.stdout"}
