{"timestamp":"2026-02-24T23:47:37.277365Z","level":"info","event":"DAG bundles loaded: dags-folder","logger":"airflow.dag_processing.bundles.manager.DagBundlesManager","filename":"manager.py","lineno":179}
{"timestamp":"2026-02-24T23:47:37.280332Z","level":"info","event":"Filling up the DagBag from /home/firoozyasin/airflow/dags/executing_cron_catchup_backfill.py","logger":"airflow.models.dagbag.BundleDagBag","filename":"dagbag.py","lineno":593}
{"timestamp":"2026-02-24T23:47:37.335861Z","level":"info","event":"Tmp dir root location: /tmp","logger":"airflow.task.hooks.airflow.providers.standard.hooks.subprocess.SubprocessHook","filename":"subprocess.py","lineno":78}
{"timestamp":"2026-02-24T23:47:37.336267Z","level":"info","event":"Running command: ['/usr/bin/bash', '-c', 'echo TASK A has executed!']","logger":"airflow.task.hooks.airflow.providers.standard.hooks.subprocess.SubprocessHook","filename":"subprocess.py","lineno":80}
{"timestamp":"2026-02-24T23:47:37.337078Z","level":"info","event":"Output:","logger":"airflow.task.hooks.airflow.providers.standard.hooks.subprocess.SubprocessHook","filename":"subprocess.py","lineno":92}
{"timestamp":"2026-02-24T23:47:37.338291Z","level":"info","event":"TASK A has executed!","logger":"airflow.task.hooks.airflow.providers.standard.hooks.subprocess.SubprocessHook","filename":"subprocess.py","lineno":99}
{"timestamp":"2026-02-24T23:47:37.338550Z","level":"info","event":"Command exited with return code 0","logger":"airflow.task.hooks.airflow.providers.standard.hooks.subprocess.SubprocessHook","filename":"subprocess.py","lineno":103}
{"timestamp":"2026-02-24T23:47:37.338950Z","level":"info","event":"Pushing xcom","ti":"RuntimeTaskInstance(id=UUID('019c920d-162b-73ee-bba0-5efcb72eaaea'), task_id='taskA', dag_id='cron_catchup_backfill', run_id='scheduled__2026-02-22T12:00:00+00:00', try_number=1, dag_version_id=UUID('019c920b-7b08-7fb4-8c28-1506b7220713'), map_index=-1, hostname='fedora', context_carrier={}, task=<Task(BashOperator): taskA>, bundle_instance=LocalDagBundle(name=dags-folder), max_tries=0, start_date=datetime.datetime(2026, 2, 24, 23, 47, 37, 225863, tzinfo=datetime.timezone.utc), end_date=None, state=<TaskInstanceState.RUNNING: 'running'>, is_mapped=False, rendered_map_index=None)","logger":"task","filename":"task_runner.py","lineno":1522}
{"timestamp":"2026-02-25T15:02:26.009765Z","level":"info","event":"DAG bundles loaded: dags-folder","logger":"airflow.dag_processing.bundles.manager.DagBundlesManager","filename":"manager.py","lineno":179}
{"timestamp":"2026-02-25T15:02:26.011065Z","level":"info","event":"Filling up the DagBag from /home/firoozyasin/airflow/dags/executing_cron_catchup_backfill.py","logger":"airflow.models.dagbag.BundleDagBag","filename":"dagbag.py","lineno":593}
{"timestamp":"2026-02-25T15:02:26.177785Z","level":"info","event":"Tmp dir root location: /tmp","logger":"airflow.task.hooks.airflow.providers.standard.hooks.subprocess.SubprocessHook","filename":"subprocess.py","lineno":78}
{"timestamp":"2026-02-25T15:02:26.178615Z","level":"info","event":"Running command: ['/usr/bin/bash', '-c', 'echo TASK A has executed!']","logger":"airflow.task.hooks.airflow.providers.standard.hooks.subprocess.SubprocessHook","filename":"subprocess.py","lineno":80}
{"timestamp":"2026-02-25T15:02:26.179724Z","level":"info","event":"Output:","logger":"airflow.task.hooks.airflow.providers.standard.hooks.subprocess.SubprocessHook","filename":"subprocess.py","lineno":92}
{"timestamp":"2026-02-25T15:02:26.181423Z","level":"info","event":"TASK A has executed!","logger":"airflow.task.hooks.airflow.providers.standard.hooks.subprocess.SubprocessHook","filename":"subprocess.py","lineno":99}
{"timestamp":"2026-02-25T15:02:26.181726Z","level":"info","event":"Command exited with return code 0","logger":"airflow.task.hooks.airflow.providers.standard.hooks.subprocess.SubprocessHook","filename":"subprocess.py","lineno":103}
{"timestamp":"2026-02-25T15:02:26.182288Z","level":"info","event":"Pushing xcom","ti":"RuntimeTaskInstance(id=UUID('019c9552-9aa6-7fc0-a077-ce54ea128bd1'), task_id='taskA', dag_id='cron_catchup_backfill', run_id='scheduled__2026-02-22T12:00:00+00:00', try_number=1, dag_version_id=UUID('019c9552-6247-7996-933f-6c7c0ad8ad2a'), map_index=-1, hostname='fedora', context_carrier={}, task=<Task(BashOperator): taskA>, bundle_instance=LocalDagBundle(name=dags-folder), max_tries=0, start_date=datetime.datetime(2026, 2, 25, 15, 2, 24, 754106, tzinfo=datetime.timezone.utc), end_date=None, state=<TaskInstanceState.RUNNING: 'running'>, is_mapped=False, rendered_map_index=None)","logger":"task","filename":"task_runner.py","lineno":1522}
{"timestamp":"2026-02-25T15:03:50.678881Z","level":"info","event":"DAG bundles loaded: dags-folder","logger":"airflow.dag_processing.bundles.manager.DagBundlesManager","filename":"manager.py","lineno":179}
{"timestamp":"2026-02-25T15:03:50.679407Z","level":"info","event":"Filling up the DagBag from /home/firoozyasin/airflow/dags/executing_cron_catchup_backfill.py","logger":"airflow.models.dagbag.BundleDagBag","filename":"dagbag.py","lineno":593}
{"timestamp":"2026-02-25T15:03:50.706528Z","level":"info","event":"Tmp dir root location: /tmp","logger":"airflow.task.hooks.airflow.providers.standard.hooks.subprocess.SubprocessHook","filename":"subprocess.py","lineno":78}
{"timestamp":"2026-02-25T15:03:50.707059Z","level":"info","event":"Running command: ['/usr/bin/bash', '-c', 'echo TASK A has executed!']","logger":"airflow.task.hooks.airflow.providers.standard.hooks.subprocess.SubprocessHook","filename":"subprocess.py","lineno":80}
{"timestamp":"2026-02-25T15:03:50.707806Z","level":"info","event":"Output:","logger":"airflow.task.hooks.airflow.providers.standard.hooks.subprocess.SubprocessHook","filename":"subprocess.py","lineno":92}
{"timestamp":"2026-02-25T15:03:50.708530Z","level":"info","event":"TASK A has executed!","logger":"airflow.task.hooks.airflow.providers.standard.hooks.subprocess.SubprocessHook","filename":"subprocess.py","lineno":99}
{"timestamp":"2026-02-25T15:03:50.708668Z","level":"info","event":"Command exited with return code 0","logger":"airflow.task.hooks.airflow.providers.standard.hooks.subprocess.SubprocessHook","filename":"subprocess.py","lineno":103}
{"timestamp":"2026-02-25T15:03:50.708855Z","level":"info","event":"Pushing xcom","ti":"RuntimeTaskInstance(id=UUID('019c9553-ea28-7791-a281-7204f474c492'), task_id='taskA', dag_id='cron_catchup_backfill', run_id='scheduled__2026-02-22T12:00:00+00:00', try_number=1, dag_version_id=UUID('019c9553-b18a-7083-b35c-5fd42b2d46ec'), map_index=-1, hostname='fedora', context_carrier={}, task=<Task(BashOperator): taskA>, bundle_instance=LocalDagBundle(name=dags-folder), max_tries=0, start_date=datetime.datetime(2026, 2, 25, 15, 3, 50, 655115, tzinfo=datetime.timezone.utc), end_date=None, state=<TaskInstanceState.RUNNING: 'running'>, is_mapped=False, rendered_map_index=None)","logger":"task","filename":"task_runner.py","lineno":1522}
