{"timestamp":"2026-02-19T19:50:05.164212Z","level":"info","event":"DAG bundles loaded: dags-folder, example_dags","logger":"airflow.dag_processing.bundles.manager.DagBundlesManager","filename":"manager.py","lineno":179}
{"timestamp":"2026-02-19T19:50:05.165290Z","level":"info","event":"Filling up the DagBag from /home/firoozyasin/anaconda3/envs/python310/lib/python3.10/site-packages/airflow/example_dags/standard/example_branch_operator.py","logger":"airflow.models.dagbag.BundleDagBag","filename":"dagbag.py","lineno":593}
{"timestamp":"2026-02-19T19:50:05.199173Z","level":"info","event":"Task instance is in running state","logger":"task.stdout"}
{"timestamp":"2026-02-19T19:50:05.199273Z","level":"info","event":" Previous state of the Task instance: TaskInstanceState.QUEUED","logger":"task.stdout"}
{"timestamp":"2026-02-19T19:50:05.199415Z","level":"info","event":"Current task name:branching_venv","logger":"task.stdout"}
{"timestamp":"2026-02-19T19:50:05.199445Z","level":"info","event":"Dag name:example_branch_operator","logger":"task.stdout"}
{"timestamp":"2026-02-19T19:50:05.199922Z","level":"warning","event":"Using Variable.get from `airflow.models` is deprecated.Please use `get` on Variable from sdk(`airflow.sdk.Variable`) instead","category":"DeprecationWarning","filename":"/home/firoozyasin/anaconda3/envs/python310/lib/python3.10/site-packages/airflow/models/variable.py","lineno":151,"logger":"py.warnings"}
{"timestamp":"2026-02-19T19:50:05.208291Z","level":"info","event":"Python virtual environment will be cached in /tmp/venv-5ea997a7","logger":"airflow.task.operators.airflow.providers.standard.operators.python.BranchPythonVirtualenvOperator","filename":"python.py","lineno":898}
{"timestamp":"2026-02-19T19:50:05.208665Z","level":"info","event":"Reusing cached Python virtual environment in /tmp/venv-5ea997a7","logger":"airflow.task.operators.airflow.providers.standard.operators.python.BranchPythonVirtualenvOperator","filename":"python.py","lineno":912}
{"timestamp":"2026-02-19T19:50:05.209053Z","level":"info","event":"Use 'pickle' as serializer.","logger":"airflow.task.operators.airflow.providers.standard.operators.python.BranchPythonVirtualenvOperator","filename":"python.py","lineno":582}
{"timestamp":"2026-02-19T19:50:05.216435Z","level":"info","event":"Executing cmd: /tmp/venv-5ea997a7/bin/python /tmp/venv-callh4niuivc/script.py /tmp/venv-callh4niuivc/script.in /tmp/venv-callh4niuivc/script.out /tmp/venv-callh4niuivc/string_args.txt /tmp/venv-callh4niuivc/termination.log /tmp/venv-callh4niuivc/airflow_context.json","logger":"airflow.providers.standard.utils.python_virtualenv","filename":"python_virtualenv.py","lineno":147}
{"timestamp":"2026-02-19T19:50:05.217034Z","level":"info","event":"Output:","logger":"airflow.providers.standard.utils.python_virtualenv","filename":"python_virtualenv.py","lineno":157}
{"timestamp":"2026-02-19T19:50:05.750267Z","level":"info","event":"2026-02-19T19:50:05.749973Z [info     ] setup plugin alembic.autogenerate.schemas [alembic.runtime.plugins] loc=plugins.py:37","logger":"airflow.providers.standard.utils.python_virtualenv","filename":"python_virtualenv.py","lineno":161}
{"timestamp":"2026-02-19T19:50:05.750410Z","level":"info","event":"2026-02-19T19:50:05.750102Z [info     ] setup plugin alembic.autogenerate.tables [alembic.runtime.plugins] loc=plugins.py:37","logger":"airflow.providers.standard.utils.python_virtualenv","filename":"python_virtualenv.py","lineno":161}
{"timestamp":"2026-02-19T19:50:05.750494Z","level":"info","event":"2026-02-19T19:50:05.750170Z [info     ] setup plugin alembic.autogenerate.types [alembic.runtime.plugins] loc=plugins.py:37","logger":"airflow.providers.standard.utils.python_virtualenv","filename":"python_virtualenv.py","lineno":161}
{"timestamp":"2026-02-19T19:50:05.750573Z","level":"info","event":"2026-02-19T19:50:05.750232Z [info     ] setup plugin alembic.autogenerate.constraints [alembic.runtime.plugins] loc=plugins.py:37","logger":"airflow.providers.standard.utils.python_virtualenv","filename":"python_virtualenv.py","lineno":161}
{"timestamp":"2026-02-19T19:50:05.750647Z","level":"info","event":"2026-02-19T19:50:05.750283Z [info     ] setup plugin alembic.autogenerate.defaults [alembic.runtime.plugins] loc=plugins.py:37","logger":"airflow.providers.standard.utils.python_virtualenv","filename":"python_virtualenv.py","lineno":161}
{"timestamp":"2026-02-19T19:50:05.750718Z","level":"info","event":"2026-02-19T19:50:05.750330Z [info     ] setup plugin alembic.autogenerate.comments [alembic.runtime.plugins] loc=plugins.py:37","logger":"airflow.providers.standard.utils.python_virtualenv","filename":"python_virtualenv.py","lineno":161}
{"timestamp":"2026-02-19T19:50:05.812790Z","level":"info","event":"2026-02-19T19:50:05.812461Z [warning  ] Could not import pandas. Holidays will not be considered. [airflow.example_dags.plugins.workday] loc=workday.py:41","logger":"airflow.providers.standard.utils.python_virtualenv","filename":"python_virtualenv.py","lineno":161}
{"timestamp":"2026-02-19T19:50:06.114285Z","level":"info","event":"Some numpy stuff: [0 1 2 3 4 5]","logger":"airflow.providers.standard.utils.python_virtualenv","filename":"python_virtualenv.py","lineno":161}
{"timestamp":"2026-02-19T19:50:06.358887Z","level":"info","event":"Done. Returned value was: venv_b","logger":"airflow.task.operators.airflow.providers.standard.operators.python.BranchPythonVirtualenvOperator","filename":"python.py","lineno":230}
{"timestamp":"2026-02-19T19:50:06.359012Z","level":"info","event":"Branch into venv_b","logger":"airflow.task.operators.airflow.providers.standard.operators.python.BranchPythonVirtualenvOperator","filename":"branch.py","lineno":44}
{"timestamp":"2026-02-19T19:50:06.359266Z","level":"info","event":"Following branch {'venv_b'}","logger":"airflow.task.operators.airflow.providers.standard.operators.python.BranchPythonVirtualenvOperator","filename":"skipmixin.py","lineno":146}
{"timestamp":"2026-02-19T19:50:06.359435Z","level":"info","event":"Skipping tasks [('venv_d', -1), ('venv_a', -1), ('venv_c', -1)]","logger":"airflow.task.operators.airflow.providers.standard.operators.python.BranchPythonVirtualenvOperator","filename":"skipmixin.py","lineno":185}
{"timestamp":"2026-02-19T19:50:06.368545Z","level":"info","event":"Skipping downstream tasks.","logger":"task","filename":"task_runner.py","lineno":1083}
{"timestamp":"2026-02-19T19:50:06.388206Z","level":"info","event":"Task instance in success state","logger":"task.stdout"}
{"timestamp":"2026-02-19T19:50:06.388391Z","level":"info","event":" Previous state of the Task instance: TaskInstanceState.RUNNING","logger":"task.stdout"}
{"timestamp":"2026-02-19T19:50:06.388467Z","level":"info","event":"Task operator:<Task(BranchPythonVirtualenvOperator): branching_venv>","logger":"task.stdout"}
