{"timestamp":"2026-02-24T21:43:38.493975Z","level":"info","event":"DAG bundles loaded: dags-folder","logger":"airflow.dag_processing.bundles.manager.DagBundlesManager","filename":"manager.py","lineno":179}
{"timestamp":"2026-02-24T21:43:38.494477Z","level":"info","event":"Filling up the DagBag from /home/firoozyasin/airflow/dags/executing_branching.py","logger":"airflow.models.dagbag.BundleDagBag","filename":"dagbag.py","lineno":593}
{"timestamp":"2026-02-24T21:43:38.724943Z","level":"info","event":"    age     sex   bmi  children smoker     region   charges","logger":"task.stdout"}
{"timestamp":"2026-02-24T21:43:38.725049Z","level":"info","event":"0    19  female  27.9       0.0    yes  southwest  16884.92","logger":"task.stdout"}
{"timestamp":"2026-02-24T21:43:38.725076Z","level":"info","event":"1    18    male  33.8       1.0     no  southeast   1725.55","logger":"task.stdout"}
{"timestamp":"2026-02-24T21:43:38.725103Z","level":"info","event":"2    28    male  33.0       3.0     no  southeast   4449.46","logger":"task.stdout"}
{"timestamp":"2026-02-24T21:43:38.725124Z","level":"info","event":"3    33    male  22.7       0.0     no  northwest  21984.47","logger":"task.stdout"}
{"timestamp":"2026-02-24T21:43:38.725142Z","level":"info","event":"4    32    male  28.9       0.0     no  northwest   3866.86","logger":"task.stdout"}
{"timestamp":"2026-02-24T21:43:38.725158Z","level":"info","event":"5    31  female  25.7       0.0     no  southeast   3756.62","logger":"task.stdout"}
{"timestamp":"2026-02-24T21:43:38.725176Z","level":"info","event":"6    46  female  33.4       1.0     no  southeast   8240.59","logger":"task.stdout"}
{"timestamp":"2026-02-24T21:43:38.725193Z","level":"info","event":"7    37  female  27.7       3.0     no  northwest   7281.51","logger":"task.stdout"}
{"timestamp":"2026-02-24T21:43:38.725209Z","level":"info","event":"8    37    male  29.8       2.0     no  northeast   6406.40","logger":"task.stdout"}
{"timestamp":"2026-02-24T21:43:38.725226Z","level":"info","event":"9    60  female  25.8       0.0     no  northwest  28923.14","logger":"task.stdout"}
{"timestamp":"2026-02-24T21:43:38.725242Z","level":"info","event":"10   25    male  26.2       0.0     no  northeast   2721.32","logger":"task.stdout"}
{"timestamp":"2026-02-24T21:43:38.725258Z","level":"info","event":"11   62  female  26.3       0.0    yes  southeast  27808.73","logger":"task.stdout"}
{"timestamp":"2026-02-24T21:43:38.725274Z","level":"info","event":"12   23    male  34.4       0.0     no  southwest   1826.84","logger":"task.stdout"}
{"timestamp":"2026-02-24T21:43:38.725290Z","level":"info","event":"13   56  female  39.8       0.0     no  southeast  11090.72","logger":"task.stdout"}
{"timestamp":"2026-02-24T21:43:38.725306Z","level":"info","event":"14   27    male  42.1       0.0    yes  southeast  39611.76","logger":"task.stdout"}
{"timestamp":"2026-02-24T21:43:38.725326Z","level":"info","event":"15   19    male  24.6       1.0     no  southwest   1837.24","logger":"task.stdout"}
{"timestamp":"2026-02-24T21:43:38.725346Z","level":"info","event":"16   20     NaN   NaN       NaN    NaN        NaN       NaN","logger":"task.stdout"}
{"timestamp":"2026-02-24T21:43:38.725364Z","level":"info","event":"17   52  female  30.8       1.0     no  northeast  10797.34","logger":"task.stdout"}
{"timestamp":"2026-02-24T21:43:38.725381Z","level":"info","event":"18   23    male  23.8       0.0     no  southwest   2395.17","logger":"task.stdout"}
{"timestamp":"2026-02-24T21:43:38.725398Z","level":"info","event":"19   56    male  40.3       0.0     no  southwest  10602.38","logger":"task.stdout"}
{"timestamp":"2026-02-24T21:43:38.725416Z","level":"info","event":"20   30    male  35.3       0.0    yes  southwest  36837.47","logger":"task.stdout"}
{"timestamp":"2026-02-24T21:43:38.725434Z","level":"info","event":"21   60  female  36.0       0.0     no  northeast  13228.85","logger":"task.stdout"}
{"timestamp":"2026-02-24T21:43:38.725452Z","level":"info","event":"22   30  female  32.4       1.0     no  southeast   4149.74","logger":"task.stdout"}
{"timestamp":"2026-02-24T21:43:38.725468Z","level":"info","event":"23   18    male  34.1       0.0     no  southeast   1137.01","logger":"task.stdout"}
{"timestamp":"2026-02-24T21:43:38.725491Z","level":"info","event":"24   34  female  31.9       1.0    yes  northeast  37701.88","logger":"task.stdout"}
{"timestamp":"2026-02-24T21:43:38.725513Z","level":"info","event":"25   37    male  30.8       2.0     no  southeast   6313.76","logger":"task.stdout"}
{"timestamp":"2026-02-24T21:43:38.734333Z","level":"info","event":"Done. Returned value was: None","logger":"airflow.task.operators.airflow.providers.standard.operators.python.PythonOperator","filename":"python.py","lineno":230}
